Using pre-set license
Built from '2023.2/staging' branch; Version is '2023.2.2f1 (dfe9eb92cac5) revision 14674411'; Using compiler version '193431935'; Build Type 'Release'
OS: 'Windows 10  (10.0.19045) 64bit Core' Language: 'fi' Physical Memory: 16299 MB
BatchMode: 1, IsHumanControllingUs: 0, StartBugReporterOnCrash: 0, Is64bit: 1, IsPro: 1

COMMAND LINE ARGUMENTS:
C:\Program Files\Unity\Hub\Editor\2023.2.2f1\Editor\Unity.exe
-adb2
-batchMode
-noUpm
-name
AssetImportWorker1
-projectPath
D:/Tiedostot/UnityProjects/UusiYokyopleiRepo/yokyopeli_unity
-logFile
Logs/AssetImportWorker1.log
-srvPort
52500
-job-worker-count
7
-background-job-worker-count
8
-asset-garbage-collectors
1
Successfully changed project path to: D:/Tiedostot/UnityProjects/UusiYokyopleiRepo/yokyopeli_unity
D:/Tiedostot/UnityProjects/UusiYokyopleiRepo/yokyopeli_unity
[UnityMemory] Configuration Parameters - Can be set up in boot.config
    "memorysetup-bucket-allocator-granularity=16"
    "memorysetup-bucket-allocator-bucket-count=8"
    "memorysetup-bucket-allocator-block-size=33554432"
    "memorysetup-bucket-allocator-block-count=8"
    "memorysetup-main-allocator-block-size=16777216"
    "memorysetup-thread-allocator-block-size=16777216"
    "memorysetup-gfx-main-allocator-block-size=16777216"
    "memorysetup-gfx-thread-allocator-block-size=16777216"
    "memorysetup-cache-allocator-block-size=4194304"
    "memorysetup-typetree-allocator-block-size=2097152"
    "memorysetup-profiler-bucket-allocator-granularity=16"
    "memorysetup-profiler-bucket-allocator-bucket-count=8"
    "memorysetup-profiler-bucket-allocator-block-size=33554432"
    "memorysetup-profiler-bucket-allocator-block-count=8"
    "memorysetup-profiler-allocator-block-size=16777216"
    "memorysetup-profiler-editor-allocator-block-size=1048576"
    "memorysetup-temp-allocator-size-main=16777216"
    "memorysetup-job-temp-allocator-block-size=2097152"
    "memorysetup-job-temp-allocator-block-size-background=1048576"
    "memorysetup-job-temp-allocator-reduction-small-platforms=262144"
    "memorysetup-allocator-temp-initial-block-size-main=262144"
    "memorysetup-allocator-temp-initial-block-size-worker=262144"
    "memorysetup-temp-allocator-size-background-worker=32768"
    "memorysetup-temp-allocator-size-job-worker=262144"
    "memorysetup-temp-allocator-size-preload-manager=33554432"
    "memorysetup-temp-allocator-size-nav-mesh-worker=65536"
    "memorysetup-temp-allocator-size-audio-worker=65536"
    "memorysetup-temp-allocator-size-cloud-worker=32768"
    "memorysetup-temp-allocator-size-gi-baking-worker=262144"
    "memorysetup-temp-allocator-size-gi-baking-worker=262144"
    "memorysetup-temp-allocator-size-gi-baking-worker=262144"
    "memorysetup-temp-allocator-size-gi-baking-worker=262144"
    "memorysetup-temp-allocator-size-gfx=262144"
Player connection [29104] Host "[IP] 192.168.56.1 [Port] 0 [Flags] 2 [Guid] 2712350752 [EditorId] 2712350752 [Version] 1048832 [Id] WindowsEditor(7,GamerPC1) [Debug] 1 [PackageName] WindowsEditor [ProjectName] Editor" joined multi-casting on [225.0.0.222:54997]...
Player connection [29104] Host "[IP] 192.168.56.1 [Port] 0 [Flags] 2 [Guid] 2712350752 [EditorId] 2712350752 [Version] 1048832 [Id] WindowsEditor(7,GamerPC1) [Debug] 1 [PackageName] WindowsEditor [ProjectName] Editor" joined alternative multi-casting on [225.0.0.222:34997]...
JobSystem: Creating JobQueue using job-worker-count value 7
[Physics::Module] Initialized MultithreadedJobDispatcher with 7 workers.
Library Redirect Path: Library/
Refreshing native plugins compatible for Editor in 769.33 ms, found 11 plugins.
Preloading 1 native plugins for Editor in 0.61 ms.
Initialize engine version: 2023.2.2f1 (dfe9eb92cac5)
[Subsystems] Discovering subsystems at path C:/Program Files/Unity/Hub/Editor/2023.2.2f1/Editor/Data/Resources/UnitySubsystems
[Subsystems] Discovering subsystems at path D:/Tiedostot/UnityProjects/UusiYokyopleiRepo/yokyopeli_unity/Assets
GfxDevice: creating device client; kGfxThreadingModeNonThreaded
Direct3D:
    Version:  Direct3D 11.0 [level 11.1]
    Renderer: NVIDIA GeForce RTX 2080 (ID=0x1e87)
    Vendor:   NVIDIA
    VRAM:     7987 MB
    Driver:   31.0.15.5186
Invalid texture used for cursor - check importer settings or texture creation. Texture must be RGBA32, readable, have alphaIsTransparency enabled and have no mip chain.
Initialize mono
Mono path[0] = 'C:/Program Files/Unity/Hub/Editor/2023.2.2f1/Editor/Data/Managed'
Mono path[1] = 'C:/Program Files/Unity/Hub/Editor/2023.2.2f1/Editor/Data/MonoBleedingEdge/lib/mono/unityjit-win32'
Mono config path = 'C:/Program Files/Unity/Hub/Editor/2023.2.2f1/Editor/Data/MonoBleedingEdge/etc'
Using monoOptions --debugger-agent=transport=dt_socket,embedding=1,server=y,suspend=n,address=127.0.0.1:56628
Begin MonoManager ReloadAssembly
C:\build\output\Unity-Technologies\mono\mono\metadata\icall.c:1842:
C:\build\output\Unity-Technologies\mono\mono\metadata\icall.c:1842:
C:\build\output\Unity-Technologies\mono\mono\metadata\icall.c:1842:
C:\build\output\Unity-Technologies\mono\mono\metadata\icall.c:1842:
C:\build\output\Unity-Technologies\mono\mono\metadata\icall.c:1842:
C:\build\output\Unity-Technologies\mono\mono\metadata\icall.c:1842:
C:\build\output\Unity-Technologies\mono\mono\metadata\icall.c:1842:
C:\build\output\Unity-Technologies\mono\mono\metadata\icall.c:1842:
C:\build\output\Unity-Technologies\mono\mono\metadata\icall.c:1842:
C:\build\output\Unity-Technologies\mono\mono\metadata\icall.c:1842:
Registering precompiled unity dll's ...
Register platform support module: C:/Program Files/Unity/Hub/Editor/2023.2.2f1/Editor/Data/PlaybackEngines/WebGLSupport/UnityEditor.WebGL.Extensions.dll
Register platform support module: C:/Program Files/Unity/Hub/Editor/2023.2.2f1/Editor/Data/PlaybackEngines/WindowsStandaloneSupport/UnityEditor.WindowsStandalone.Extensions.dll
Registered in 0.009011 seconds.
- Loaded All Assemblies, in  0.678 seconds
Native extension for WindowsStandalone target not found
Native extension for WebGL target not found
Mono: successfully reloaded assembly
C:\build\output\Unity-Technologies\mono\mono\metadata\icall.c:1842:
C:\build\output\Unity-Technologies\mono\mono\metadata\icall.c:1842:
- Finished resetting the current domain, in  0.540 seconds
Domain Reload Profiling: 1210ms
	BeginReloadAssembly (226ms)
		ExecutionOrderSort (0ms)
		DisableScriptedObjects (0ms)
		BackupInstance (0ms)
		ReleaseScriptingObjects (0ms)
		CreateAndSetChildDomain (1ms)
	RebuildCommonClasses (61ms)
	RebuildNativeTypeToScriptingClass (24ms)
	initialDomainReloadingComplete (100ms)
	LoadAllAssembliesAndSetupDomain (258ms)
		LoadAssemblies (218ms)
		RebuildTransferFunctionScriptingTraits (0ms)
		AnalyzeDomain (254ms)
			TypeCache.Refresh (252ms)
				TypeCache.ScanAssembly (235ms)
			BuildScriptInfoCaches (0ms)
			ResolveRequiredComponents (1ms)
	FinalizeReload (541ms)
		ReleaseScriptCaches (0ms)
		RebuildScriptCaches (0ms)
		SetupLoadedEditorAssemblies (449ms)
			LogAssemblyErrors (0ms)
			InitializePlatformSupportModulesInManaged (18ms)
			SetLoadedEditorAssemblies (9ms)
			BeforeProcessingInitializeOnLoad (10ms)
			ProcessInitializeOnLoadAttributes (321ms)
			ProcessInitializeOnLoadMethodAttributes (91ms)
			AfterProcessingInitializeOnLoad (0ms)
			EditorAssembliesLoaded (0ms)
		ExecutionOrderSort2 (0ms)
		AwakeInstancesAfterBackupRestoration (0ms)
========================================================================
Worker process is ready to serve import requests
Import Worker Mode flag is 0x00
Begin MonoManager ReloadAssembly
C:\build\output\Unity-Technologies\mono\mono\metadata\icall.c:1842:
C:\build\output\Unity-Technologies\mono\mono\metadata\icall.c:1842:
C:\build\output\Unity-Technologies\mono\mono\metadata\icall.c:1842:
C:\build\output\Unity-Technologies\mono\mono\metadata\icall.c:1842:
C:\build\output\Unity-Technologies\mono\mono\metadata\icall.c:1842:
C:\build\output\Unity-Technologies\mono\mono\metadata\icall.c:1842:
C:\build\output\Unity-Technologies\mono\mono\metadata\icall.c:1842:
C:\build\output\Unity-Technologies\mono\mono\metadata\icall.c:1842:
C:\build\output\Unity-Technologies\mono\mono\metadata\icall.c:1842:
C:\build\output\Unity-Technologies\mono\mono\metadata\icall.c:1842:
C:\build\output\Unity-Technologies\mono\mono\metadata\icall.c:1842:
C:\build\output\Unity-Technologies\mono\mono\metadata\icall.c:1842:
Symbol file LoadedFromMemory doesn't match image D:\Tiedostot\UnityProjects\UusiYokyopleiRepo\yokyopeli_unity\Library\PackageCache\com.unity.visualscripting@1.8.0\Editor\VisualScripting.Core\Dependencies\YamlDotNet\Unity.VisualScripting.YamlDotNet.dll
Symbol file LoadedFromMemory doesn't match image D:\Tiedostot\UnityProjects\UusiYokyopleiRepo\yokyopeli_unity\Library\PackageCache\com.unity.visualscripting@1.8.0\Editor\VisualScripting.Core\Dependencies\DotNetZip\Unity.VisualScripting.IonicZip.dll
- Loaded All Assemblies, in  2.732 seconds
Refreshing native plugins compatible for Editor in 21.07 ms, found 11 plugins.
Native extension for WindowsStandalone target not found
Native extension for WebGL target not found
System.Exception: Error! Visual Scripting: couldn't find visual scripting package
  at Unity.VisualScripting.PackageVersionUtility.get_version () [0x00025] in .\Library\PackageCache\com.unity.visualscripting@1.8.0\Editor\VisualScripting.Core\Utilities\PackageVersionUtility.cs:22 
  at Unity.VisualScripting.BoltCoreManifest.get_version () [0x00000] in .\Library\PackageCache\com.unity.visualscripting@1.8.0\Editor\VisualScripting.Core\Plugin\BoltCoreManifest.cs:11 
  at Unity.VisualScripting.PluginManifest.get_currentVersion () [0x00000] in .\Library\PackageCache\com.unity.visualscripting@1.8.0\Editor\VisualScripting.Core\Plugins\PluginManifest.cs:33 
  at Unity.VisualScripting.PluginManifest.get_versionMismatch () [0x00000] in .\Library\PackageCache\com.unity.visualscripting@1.8.0\Editor\VisualScripting.Core\Plugins\PluginManifest.cs:48 
  at Unity.VisualScripting.PluginContainer.Initialize () [0x0057d] in .\Library\PackageCache\com.unity.visualscripting@1.8.0\Editor\VisualScripting.Core\Plugins\PluginContainer.cs:208 
  at Unity.VisualScripting.PluginContainer.InitializeOnLoad () [0x00012] in .\Library\PackageCache\com.unity.visualscripting@1.8.0\Editor\VisualScripting.Core\Plugins\PluginContainer.cs:32 
  at Unity.VisualScripting.VSUsageUtility.DoInitializeOnLoadCalls () [0x00044] in .\Library\PackageCache\com.unity.visualscripting@1.8.0\Editor\VisualScripting.Core\Utilities\VSUsageUtility.cs:76 
  at Unity.VisualScripting.VSUsageUtility.set_isVisualScriptingUsed (System.Boolean value) [0x00037] in .\Library\PackageCache\com.unity.visualscripting@1.8.0\Editor\VisualScripting.Core\Utilities\VSUsageUtility.cs:114 
  at Unity.VisualScripting.VSUsageUtility.CheckAndSetIsVisualScriptingUsed () [0x0003f] in .\Library\PackageCache\com.unity.visualscripting@1.8.0\Editor\VisualScripting.Core\Utilities\VSUsageUtility.cs:48 
  at Unity.VisualScripting.VSUsageUtility..cctor () [0x0000d] in .\Library\PackageCache\com.unity.visualscripting@1.8.0\Editor\VisualScripting.Core\Utilities\VSUsageUtility.cs:22 
UnityEngine.Debug:ExtractStackTraceNoAlloc (byte*,int,string)
UnityEngine.StackTraceUtility:ExtractStackTrace ()
UnityEngine.DebugLogHandler:Internal_Log (UnityEngine.LogType,UnityEngine.LogOption,string,UnityEngine.Object)
UnityEngine.DebugLogHandler:LogFormat (UnityEngine.LogType,UnityEngine.Object,string,object[])
UnityEngine.Logger:Log (UnityEngine.LogType,object)
UnityEngine.Debug:LogError (object)
UnityEditor.EditorAssemblies:ProcessInitializeOnLoadAttributes (System.Type[])

Refreshing native plugins compatible for Editor in 22.27 ms, found 11 plugins.
Mono: successfully reloaded assembly
- Finished resetting the current domain, in  3.011 seconds
Domain Reload Profiling: 5733ms
	BeginReloadAssembly (814ms)
		ExecutionOrderSort (0ms)
		DisableScriptedObjects (12ms)
		BackupInstance (0ms)
		ReleaseScriptingObjects (0ms)
		CreateAndSetChildDomain (58ms)
	RebuildCommonClasses (66ms)
	RebuildNativeTypeToScriptingClass (23ms)
	initialDomainReloadingComplete (82ms)
	LoadAllAssembliesAndSetupDomain (1736ms)
		LoadAssemblies (1125ms)
		RebuildTransferFunctionScriptingTraits (0ms)
		AnalyzeDomain (847ms)
			TypeCache.Refresh (744ms)
				TypeCache.ScanAssembly (706ms)
			BuildScriptInfoCaches (83ms)
			ResolveRequiredComponents (14ms)
	FinalizeReload (3012ms)
		ReleaseScriptCaches (0ms)
		RebuildScriptCaches (0ms)
		SetupLoadedEditorAssemblies (2689ms)
			LogAssemblyErrors (0ms)
			InitializePlatformSupportModulesInManaged (5ms)
			SetLoadedEditorAssemblies (15ms)
			BeforeProcessingInitializeOnLoad (312ms)
			ProcessInitializeOnLoadAttributes (2287ms)
			ProcessInitializeOnLoadMethodAttributes (58ms)
			AfterProcessingInitializeOnLoad (13ms)
			EditorAssembliesLoaded (0ms)
		ExecutionOrderSort2 (0ms)
		AwakeInstancesAfterBackupRestoration (7ms)
Launched and connected shader compiler UnityShaderCompiler.exe after 0.02 seconds
Refreshing native plugins compatible for Editor in 28.98 ms, found 11 plugins.
Preloading 1 native plugins for Editor in 0.06 ms.
Unloading 144 Unused Serialized files (Serialized files now loaded: 0)
Unloading 6042 unused Assets / (5.4 MB). Loaded Objects now: 6572.
Memory consumption went from 195.9 MB to 190.5 MB.
Total: 43.672600 ms (FindLiveObjects: 1.136900 ms CreateObjectMapping: 1.765200 ms MarkObjects: 33.781000 ms  DeleteObjects: 6.987700 ms)

========================================================================
Received Import Request.
  Time since last request: 36070.419735 seconds.
  path: Assets/Scripts/PlayerMovement/Scripts/Q3PlayerController.cs
  artifactKey: Guid(689c7b4cc1dbae54cbfa41c0c84fb174) Importer(815301076,1909f56bfc062723c751e8b465ee728b)
Start importing Assets/Scripts/PlayerMovement/Scripts/Q3PlayerController.cs using Guid(689c7b4cc1dbae54cbfa41c0c84fb174) Importer(815301076,1909f56bfc062723c751e8b465ee728b) (PreviewImporter) -> (artifact id: '650aed50e4734a290a47cd98009a09cf') in 0.0176207 seconds
Number of updated asset objects reloaded before import = 0Number of asset objects unloaded after import = 0

========================================================================
Received Prepare
Refreshing native plugins compatible for Editor in 18.80 ms, found 11 plugins.
Preloading 1 native plugins for Editor in 0.04 ms.
Unloading 33 Unused Serialized files (Serialized files now loaded: 0)
Unloading 5934 unused Assets / (5.7 MB). Loaded Objects now: 6574.
Memory consumption went from 168.2 MB to 162.5 MB.
Total: 27.351600 ms (FindLiveObjects: 0.801600 ms CreateObjectMapping: 0.429700 ms MarkObjects: 22.744900 ms  DeleteObjects: 3.374000 ms)

Prepare: number of updated asset objects reloaded= 0
========================================================================
Received Import Request.
  Time since last request: 54.706190 seconds.
  path: Assets/Scripts/PlayerMovement/Scripts/Q3PlayerController.cs
  artifactKey: Guid(689c7b4cc1dbae54cbfa41c0c84fb174) Importer(815301076,1909f56bfc062723c751e8b465ee728b)
Start importing Assets/Scripts/PlayerMovement/Scripts/Q3PlayerController.cs using Guid(689c7b4cc1dbae54cbfa41c0c84fb174) Importer(815301076,1909f56bfc062723c751e8b465ee728b) (PreviewImporter) -> (artifact id: '34a67545df92e8266e7622ca067ad745') in 0.0130097 seconds
Number of updated asset objects reloaded before import = 0Number of asset objects unloaded after import = 0

========================================================================
Received Prepare
Refreshing native plugins compatible for Editor in 18.40 ms, found 11 plugins.
Preloading 1 native plugins for Editor in 0.04 ms.
Unloading 33 Unused Serialized files (Serialized files now loaded: 0)
Unloading 5934 unused Assets / (5.4 MB). Loaded Objects now: 6574.
Memory consumption went from 168.2 MB to 162.8 MB.
Total: 28.757600 ms (FindLiveObjects: 0.770500 ms CreateObjectMapping: 0.607100 ms MarkObjects: 23.761200 ms  DeleteObjects: 3.617000 ms)

Prepare: number of updated asset objects reloaded= 0
========================================================================
Received Prepare
Refreshing native plugins compatible for Editor in 22.56 ms, found 11 plugins.
Preloading 1 native plugins for Editor in 0.05 ms.
Unloading 33 Unused Serialized files (Serialized files now loaded: 0)
Unloading 5934 unused Assets / (4.9 MB). Loaded Objects now: 6574.
Memory consumption went from 168.2 MB to 163.3 MB.
Total: 36.975500 ms (FindLiveObjects: 0.852900 ms CreateObjectMapping: 0.958300 ms MarkObjects: 31.083800 ms  DeleteObjects: 4.078900 ms)

Prepare: number of updated asset objects reloaded= 0
========================================================================
Received Prepare
Refreshing native plugins compatible for Editor in 26.02 ms, found 11 plugins.
Preloading 1 native plugins for Editor in 0.04 ms.
Unloading 33 Unused Serialized files (Serialized files now loaded: 0)
Unloading 5934 unused Assets / (6.9 MB). Loaded Objects now: 6574.
Memory consumption went from 168.2 MB to 161.3 MB.
Total: 32.040300 ms (FindLiveObjects: 0.849900 ms CreateObjectMapping: 0.870700 ms MarkObjects: 25.569700 ms  DeleteObjects: 4.747800 ms)

Prepare: number of updated asset objects reloaded= 0
========================================================================
Received Import Request.
  Time since last request: 86.524752 seconds.
  path: Assets/Scripts/PlayerMovement/Scripts/Q3PlayerController.cs
  artifactKey: Guid(689c7b4cc1dbae54cbfa41c0c84fb174) Importer(815301076,1909f56bfc062723c751e8b465ee728b)
Start importing Assets/Scripts/PlayerMovement/Scripts/Q3PlayerController.cs using Guid(689c7b4cc1dbae54cbfa41c0c84fb174) Importer(815301076,1909f56bfc062723c751e8b465ee728b) (PreviewImporter) -> (artifact id: '348010c2071f92002f6a38d552873b6c') in 0.0668121 seconds
Number of updated asset objects reloaded before import = 0Number of asset objects unloaded after import = 0

========================================================================
Received Prepare
Begin MonoManager ReloadAssembly
C:\build\output\Unity-Technologies\mono\mono\metadata\icall.c:1842:
C:\build\output\Unity-Technologies\mono\mono\metadata\icall.c:1842:
C:\build\output\Unity-Technologies\mono\mono\metadata\icall.c:1842:
C:\build\output\Unity-Technologies\mono\mono\metadata\icall.c:1842:
C:\build\output\Unity-Technologies\mono\mono\metadata\icall.c:1842:
C:\build\output\Unity-Technologies\mono\mono\metadata\icall.c:1842:
C:\build\output\Unity-Technologies\mono\mono\metadata\icall.c:1842:
C:\build\output\Unity-Technologies\mono\mono\metadata\icall.c:1842:
C:\build\output\Unity-Technologies\mono\mono\metadata\icall.c:1842:
C:\build\output\Unity-Technologies\mono\mono\metadata\icall.c:1842:
C:\build\output\Unity-Technologies\mono\mono\metadata\icall.c:1842:
C:\build\output\Unity-Technologies\mono\mono\metadata\icall.c:1842:
Symbol file LoadedFromMemory doesn't match image D:\Tiedostot\UnityProjects\UusiYokyopleiRepo\yokyopeli_unity\Library\PackageCache\com.unity.visualscripting@1.8.0\Editor\VisualScripting.Core\Dependencies\YamlDotNet\Unity.VisualScripting.YamlDotNet.dll
Symbol file LoadedFromMemory doesn't match image D:\Tiedostot\UnityProjects\UusiYokyopleiRepo\yokyopeli_unity\Library\PackageCache\com.unity.visualscripting@1.8.0\Editor\VisualScripting.Core\Dependencies\DotNetZip\Unity.VisualScripting.IonicZip.dll
- Loaded All Assemblies, in  1.536 seconds
Refreshing native plugins compatible for Editor in 19.13 ms, found 11 plugins.
Native extension for WindowsStandalone target not found
Native extension for WebGL target not found
System.Exception: Error! Visual Scripting: couldn't find visual scripting package
  at Unity.VisualScripting.PackageVersionUtility.get_version () [0x00025] in .\Library\PackageCache\com.unity.visualscripting@1.8.0\Editor\VisualScripting.Core\Utilities\PackageVersionUtility.cs:22 
  at Unity.VisualScripting.BoltCoreManifest.get_version () [0x00000] in .\Library\PackageCache\com.unity.visualscripting@1.8.0\Editor\VisualScripting.Core\Plugin\BoltCoreManifest.cs:11 
  at Unity.VisualScripting.PluginManifest.get_currentVersion () [0x00000] in .\Library\PackageCache\com.unity.visualscripting@1.8.0\Editor\VisualScripting.Core\Plugins\PluginManifest.cs:33 
  at Unity.VisualScripting.PluginManifest.get_versionMismatch () [0x00000] in .\Library\PackageCache\com.unity.visualscripting@1.8.0\Editor\VisualScripting.Core\Plugins\PluginManifest.cs:48 
  at Unity.VisualScripting.PluginContainer.Initialize () [0x0057d] in .\Library\PackageCache\com.unity.visualscripting@1.8.0\Editor\VisualScripting.Core\Plugins\PluginContainer.cs:208 
  at Unity.VisualScripting.PluginContainer.InitializeOnLoad () [0x00012] in .\Library\PackageCache\com.unity.visualscripting@1.8.0\Editor\VisualScripting.Core\Plugins\PluginContainer.cs:32 
  at Unity.VisualScripting.VSUsageUtility.DoInitializeOnLoadCalls () [0x00044] in .\Library\PackageCache\com.unity.visualscripting@1.8.0\Editor\VisualScripting.Core\Utilities\VSUsageUtility.cs:76 
  at Unity.VisualScripting.VSUsageUtility.set_isVisualScriptingUsed (System.Boolean value) [0x00037] in .\Library\PackageCache\com.unity.visualscripting@1.8.0\Editor\VisualScripting.Core\Utilities\VSUsageUtility.cs:114 
  at Unity.VisualScripting.VSUsageUtility.CheckAndSetIsVisualScriptingUsed () [0x00013] in .\Library\PackageCache\com.unity.visualscripting@1.8.0\Editor\VisualScripting.Core\Utilities\VSUsageUtility.cs:33 
  at Unity.VisualScripting.VSUsageUtility..cctor () [0x0000d] in .\Library\PackageCache\com.unity.visualscripting@1.8.0\Editor\VisualScripting.Core\Utilities\VSUsageUtility.cs:22 
UnityEngine.Debug:ExtractStackTraceNoAlloc (byte*,int,string)
UnityEngine.StackTraceUtility:ExtractStackTrace ()
UnityEngine.DebugLogHandler:Internal_Log (UnityEngine.LogType,UnityEngine.LogOption,string,UnityEngine.Object)
UnityEngine.DebugLogHandler:LogFormat (UnityEngine.LogType,UnityEngine.Object,string,object[])
UnityEngine.Logger:Log (UnityEngine.LogType,object)
UnityEngine.Debug:LogError (object)
UnityEditor.EditorAssemblies:ProcessInitializeOnLoadAttributes (System.Type[])

Mono: successfully reloaded assembly
- Finished resetting the current domain, in  2.510 seconds
Domain Reload Profiling: 4044ms
	BeginReloadAssembly (334ms)
		ExecutionOrderSort (0ms)
		DisableScriptedObjects (8ms)
		BackupInstance (0ms)
		ReleaseScriptingObjects (0ms)
		CreateAndSetChildDomain (89ms)
	RebuildCommonClasses (57ms)
	RebuildNativeTypeToScriptingClass (20ms)
	initialDomainReloadingComplete (53ms)
	LoadAllAssembliesAndSetupDomain (1070ms)
		LoadAssemblies (791ms)
		RebuildTransferFunctionScriptingTraits (0ms)
		AnalyzeDomain (434ms)
			TypeCache.Refresh (15ms)
				TypeCache.ScanAssembly (3ms)
			BuildScriptInfoCaches (401ms)
			ResolveRequiredComponents (12ms)
	FinalizeReload (2511ms)
		ReleaseScriptCaches (0ms)
		RebuildScriptCaches (0ms)
		SetupLoadedEditorAssemblies (1483ms)
			LogAssemblyErrors (0ms)
			InitializePlatformSupportModulesInManaged (5ms)
			SetLoadedEditorAssemblies (12ms)
			BeforeProcessingInitializeOnLoad (264ms)
			ProcessInitializeOnLoadAttributes (1134ms)
			ProcessInitializeOnLoadMethodAttributes (53ms)
			AfterProcessingInitializeOnLoad (15ms)
			EditorAssembliesLoaded (1ms)
		ExecutionOrderSort2 (0ms)
		AwakeInstancesAfterBackupRestoration (7ms)
Refreshing native plugins compatible for Editor in 21.16 ms, found 11 plugins.
Preloading 1 native plugins for Editor in 0.04 ms.
Unloading 33 Unused Serialized files (Serialized files now loaded: 0)
Unloading 6041 unused Assets / (5.6 MB). Loaded Objects now: 6575.
Memory consumption went from 173.1 MB to 167.4 MB.
Total: 25.582900 ms (FindLiveObjects: 0.887600 ms CreateObjectMapping: 0.839000 ms MarkObjects: 20.834800 ms  DeleteObjects: 3.019800 ms)

Prepare: number of updated asset objects reloaded= 0
========================================================================
Received Prepare
Refreshing native plugins compatible for Editor in 28.98 ms, found 11 plugins.
Preloading 1 native plugins for Editor in 0.06 ms.
Unloading 33 Unused Serialized files (Serialized files now loaded: 0)
Unloading 5934 unused Assets / (5.8 MB). Loaded Objects now: 6575.
Memory consumption went from 172.4 MB to 166.6 MB.
Total: 34.365300 ms (FindLiveObjects: 0.886100 ms CreateObjectMapping: 0.940200 ms MarkObjects: 27.480800 ms  DeleteObjects: 5.056000 ms)

Prepare: number of updated asset objects reloaded= 0
========================================================================
Received Import Request.
  Time since last request: 303.445641 seconds.
  path: Assets/Scripts/PlayerMovement/Scripts/Q3PlayerController.cs
  artifactKey: Guid(689c7b4cc1dbae54cbfa41c0c84fb174) Importer(815301076,1909f56bfc062723c751e8b465ee728b)
Start importing Assets/Scripts/PlayerMovement/Scripts/Q3PlayerController.cs using Guid(689c7b4cc1dbae54cbfa41c0c84fb174) Importer(815301076,1909f56bfc062723c751e8b465ee728b) (PreviewImporter) -> (artifact id: '2cc7a11b90aeaefda5e37f2b854b7ca1') in 0.0410624 seconds
Number of updated asset objects reloaded before import = 0Number of asset objects unloaded after import = 0

========================================================================
Received Prepare
Begin MonoManager ReloadAssembly
C:\build\output\Unity-Technologies\mono\mono\metadata\icall.c:1842:
C:\build\output\Unity-Technologies\mono\mono\metadata\icall.c:1842:
C:\build\output\Unity-Technologies\mono\mono\metadata\icall.c:1842:
C:\build\output\Unity-Technologies\mono\mono\metadata\icall.c:1842:
C:\build\output\Unity-Technologies\mono\mono\metadata\icall.c:1842:
C:\build\output\Unity-Technologies\mono\mono\metadata\icall.c:1842:
C:\build\output\Unity-Technologies\mono\mono\metadata\icall.c:1842:
C:\build\output\Unity-Technologies\mono\mono\metadata\icall.c:1842:
C:\build\output\Unity-Technologies\mono\mono\metadata\icall.c:1842:
C:\build\output\Unity-Technologies\mono\mono\metadata\icall.c:1842:
C:\build\output\Unity-Technologies\mono\mono\metadata\icall.c:1842:
C:\build\output\Unity-Technologies\mono\mono\metadata\icall.c:1842:
Symbol file LoadedFromMemory doesn't match image D:\Tiedostot\UnityProjects\UusiYokyopleiRepo\yokyopeli_unity\Library\PackageCache\com.unity.visualscripting@1.8.0\Editor\VisualScripting.Core\Dependencies\YamlDotNet\Unity.VisualScripting.YamlDotNet.dll
Symbol file LoadedFromMemory doesn't match image D:\Tiedostot\UnityProjects\UusiYokyopleiRepo\yokyopeli_unity\Library\PackageCache\com.unity.visualscripting@1.8.0\Editor\VisualScripting.Core\Dependencies\DotNetZip\Unity.VisualScripting.IonicZip.dll
- Loaded All Assemblies, in  1.551 seconds
Refreshing native plugins compatible for Editor in 22.76 ms, found 11 plugins.
Native extension for WindowsStandalone target not found
Native extension for WebGL target not found
System.Exception: Error! Visual Scripting: couldn't find visual scripting package
  at Unity.VisualScripting.PackageVersionUtility.get_version () [0x00025] in .\Library\PackageCache\com.unity.visualscripting@1.8.0\Editor\VisualScripting.Core\Utilities\PackageVersionUtility.cs:22 
  at Unity.VisualScripting.BoltCoreManifest.get_version () [0x00000] in .\Library\PackageCache\com.unity.visualscripting@1.8.0\Editor\VisualScripting.Core\Plugin\BoltCoreManifest.cs:11 
  at Unity.VisualScripting.PluginManifest.get_currentVersion () [0x00000] in .\Library\PackageCache\com.unity.visualscripting@1.8.0\Editor\VisualScripting.Core\Plugins\PluginManifest.cs:33 
  at Unity.VisualScripting.PluginManifest.get_versionMismatch () [0x00000] in .\Library\PackageCache\com.unity.visualscripting@1.8.0\Editor\VisualScripting.Core\Plugins\PluginManifest.cs:48 
  at Unity.VisualScripting.PluginContainer.Initialize () [0x0057d] in .\Library\PackageCache\com.unity.visualscripting@1.8.0\Editor\VisualScripting.Core\Plugins\PluginContainer.cs:208 
  at Unity.VisualScripting.PluginContainer.InitializeOnLoad () [0x00012] in .\Library\PackageCache\com.unity.visualscripting@1.8.0\Editor\VisualScripting.Core\Plugins\PluginContainer.cs:32 
  at Unity.VisualScripting.VSUsageUtility.DoInitializeOnLoadCalls () [0x00044] in .\Library\PackageCache\com.unity.visualscripting@1.8.0\Editor\VisualScripting.Core\Utilities\VSUsageUtility.cs:76 
  at Unity.VisualScripting.VSUsageUtility.set_isVisualScriptingUsed (System.Boolean value) [0x00037] in .\Library\PackageCache\com.unity.visualscripting@1.8.0\Editor\VisualScripting.Core\Utilities\VSUsageUtility.cs:114 
  at Unity.VisualScripting.VSUsageUtility.CheckAndSetIsVisualScriptingUsed () [0x00013] in .\Library\PackageCache\com.unity.visualscripting@1.8.0\Editor\VisualScripting.Core\Utilities\VSUsageUtility.cs:33 
  at Unity.VisualScripting.VSUsageUtility..cctor () [0x0000d] in .\Library\PackageCache\com.unity.visualscripting@1.8.0\Editor\VisualScripting.Core\Utilities\VSUsageUtility.cs:22 
UnityEngine.Debug:ExtractStackTraceNoAlloc (byte*,int,string)
UnityEngine.StackTraceUtility:ExtractStackTrace ()
UnityEngine.DebugLogHandler:Internal_Log (UnityEngine.LogType,UnityEngine.LogOption,string,UnityEngine.Object)
UnityEngine.DebugLogHandler:LogFormat (UnityEngine.LogType,UnityEngine.Object,string,object[])
UnityEngine.Logger:Log (UnityEngine.LogType,object)
UnityEngine.Debug:LogError (object)
UnityEditor.EditorAssemblies:ProcessInitializeOnLoadAttributes (System.Type[])

Mono: successfully reloaded assembly
- Finished resetting the current domain, in  2.596 seconds
Domain Reload Profiling: 4144ms
	BeginReloadAssembly (341ms)
		ExecutionOrderSort (0ms)
		DisableScriptedObjects (7ms)
		BackupInstance (0ms)
		ReleaseScriptingObjects (0ms)
		CreateAndSetChildDomain (83ms)
	RebuildCommonClasses (60ms)
	RebuildNativeTypeToScriptingClass (21ms)
	initialDomainReloadingComplete (54ms)
	LoadAllAssembliesAndSetupDomain (1071ms)
		LoadAssemblies (811ms)
		RebuildTransferFunctionScriptingTraits (0ms)
		AnalyzeDomain (435ms)
			TypeCache.Refresh (16ms)
				TypeCache.ScanAssembly (3ms)
			BuildScriptInfoCaches (400ms)
			ResolveRequiredComponents (14ms)
	FinalizeReload (2597ms)
		ReleaseScriptCaches (0ms)
		RebuildScriptCaches (0ms)
		SetupLoadedEditorAssemblies (1504ms)
			LogAssemblyErrors (0ms)
			InitializePlatformSupportModulesInManaged (5ms)
			SetLoadedEditorAssemblies (11ms)
			BeforeProcessingInitializeOnLoad (285ms)
			ProcessInitializeOnLoadAttributes (1134ms)
			ProcessInitializeOnLoadMethodAttributes (52ms)
			AfterProcessingInitializeOnLoad (16ms)
			EditorAssembliesLoaded (0ms)
		ExecutionOrderSort2 (0ms)
		AwakeInstancesAfterBackupRestoration (6ms)
Refreshing native plugins compatible for Editor in 18.57 ms, found 11 plugins.
Preloading 1 native plugins for Editor in 0.05 ms.
Unloading 33 Unused Serialized files (Serialized files now loaded: 0)
Unloading 6041 unused Assets / (5.6 MB). Loaded Objects now: 6576.
Memory consumption went from 175.0 MB to 169.4 MB.
Total: 29.694900 ms (FindLiveObjects: 1.192500 ms CreateObjectMapping: 0.513000 ms MarkObjects: 24.822600 ms  DeleteObjects: 3.165300 ms)

Prepare: number of updated asset objects reloaded= 0
========================================================================
Received Prepare
Refreshing native plugins compatible for Editor in 21.31 ms, found 11 plugins.
Preloading 1 native plugins for Editor in 0.04 ms.
Unloading 33 Unused Serialized files (Serialized files now loaded: 0)
Unloading 5934 unused Assets / (5.5 MB). Loaded Objects now: 6576.
Memory consumption went from 174.4 MB to 168.9 MB.
Total: 27.863100 ms (FindLiveObjects: 0.800600 ms CreateObjectMapping: 0.491100 ms MarkObjects: 22.735000 ms  DeleteObjects: 3.834800 ms)

Prepare: number of updated asset objects reloaded= 0
========================================================================
Received Prepare
Refreshing native plugins compatible for Editor in 25.59 ms, found 11 plugins.
Preloading 1 native plugins for Editor in 0.06 ms.
Unloading 33 Unused Serialized files (Serialized files now loaded: 0)
Unloading 5934 unused Assets / (5.0 MB). Loaded Objects now: 6576.
Memory consumption went from 174.4 MB to 169.4 MB.
Total: 34.557500 ms (FindLiveObjects: 1.050000 ms CreateObjectMapping: 1.359000 ms MarkObjects: 28.456700 ms  DeleteObjects: 3.689800 ms)

Prepare: number of updated asset objects reloaded= 0
========================================================================
Received Prepare
Begin MonoManager ReloadAssembly
C:\build\output\Unity-Technologies\mono\mono\metadata\icall.c:1842:
C:\build\output\Unity-Technologies\mono\mono\metadata\icall.c:1842:
C:\build\output\Unity-Technologies\mono\mono\metadata\icall.c:1842:
C:\build\output\Unity-Technologies\mono\mono\metadata\icall.c:1842:
C:\build\output\Unity-Technologies\mono\mono\metadata\icall.c:1842:
C:\build\output\Unity-Technologies\mono\mono\metadata\icall.c:1842:
C:\build\output\Unity-Technologies\mono\mono\metadata\icall.c:1842:
C:\build\output\Unity-Technologies\mono\mono\metadata\icall.c:1842:
C:\build\output\Unity-Technologies\mono\mono\metadata\icall.c:1842:
C:\build\output\Unity-Technologies\mono\mono\metadata\icall.c:1842:
C:\build\output\Unity-Technologies\mono\mono\metadata\icall.c:1842:
C:\build\output\Unity-Technologies\mono\mono\metadata\icall.c:1842:
Symbol file LoadedFromMemory doesn't match image D:\Tiedostot\UnityProjects\UusiYokyopleiRepo\yokyopeli_unity\Library\PackageCache\com.unity.visualscripting@1.8.0\Editor\VisualScripting.Core\Dependencies\YamlDotNet\Unity.VisualScripting.YamlDotNet.dll
Symbol file LoadedFromMemory doesn't match image D:\Tiedostot\UnityProjects\UusiYokyopleiRepo\yokyopeli_unity\Library\PackageCache\com.unity.visualscripting@1.8.0\Editor\VisualScripting.Core\Dependencies\DotNetZip\Unity.VisualScripting.IonicZip.dll
- Loaded All Assemblies, in  1.647 seconds
Refreshing native plugins compatible for Editor in 22.06 ms, found 11 plugins.
Native extension for WindowsStandalone target not found
Native extension for WebGL target not found
System.Exception: Error! Visual Scripting: couldn't find visual scripting package
  at Unity.VisualScripting.PackageVersionUtility.get_version () [0x00025] in .\Library\PackageCache\com.unity.visualscripting@1.8.0\Editor\VisualScripting.Core\Utilities\PackageVersionUtility.cs:22 
  at Unity.VisualScripting.BoltCoreManifest.get_version () [0x00000] in .\Library\PackageCache\com.unity.visualscripting@1.8.0\Editor\VisualScripting.Core\Plugin\BoltCoreManifest.cs:11 
  at Unity.VisualScripting.PluginManifest.get_currentVersion () [0x00000] in .\Library\PackageCache\com.unity.visualscripting@1.8.0\Editor\VisualScripting.Core\Plugins\PluginManifest.cs:33 
  at Unity.VisualScripting.PluginManifest.get_versionMismatch () [0x00000] in .\Library\PackageCache\com.unity.visualscripting@1.8.0\Editor\VisualScripting.Core\Plugins\PluginManifest.cs:48 
  at Unity.VisualScripting.PluginContainer.Initialize () [0x0057d] in .\Library\PackageCache\com.unity.visualscripting@1.8.0\Editor\VisualScripting.Core\Plugins\PluginContainer.cs:208 
  at Unity.VisualScripting.PluginContainer.InitializeOnLoad () [0x00012] in .\Library\PackageCache\com.unity.visualscripting@1.8.0\Editor\VisualScripting.Core\Plugins\PluginContainer.cs:32 
  at Unity.VisualScripting.VSUsageUtility.DoInitializeOnLoadCalls () [0x00044] in .\Library\PackageCache\com.unity.visualscripting@1.8.0\Editor\VisualScripting.Core\Utilities\VSUsageUtility.cs:76 
  at Unity.VisualScripting.VSUsageUtility.set_isVisualScriptingUsed (System.Boolean value) [0x00037] in .\Library\PackageCache\com.unity.visualscripting@1.8.0\Editor\VisualScripting.Core\Utilities\VSUsageUtility.cs:114 
  at Unity.VisualScripting.VSUsageUtility.CheckAndSetIsVisualScriptingUsed () [0x00013] in .\Library\PackageCache\com.unity.visualscripting@1.8.0\Editor\VisualScripting.Core\Utilities\VSUsageUtility.cs:33 
  at Unity.VisualScripting.VSUsageUtility..cctor () [0x0000d] in .\Library\PackageCache\com.unity.visualscripting@1.8.0\Editor\VisualScripting.Core\Utilities\VSUsageUtility.cs:22 
UnityEngine.Debug:ExtractStackTraceNoAlloc (byte*,int,string)
UnityEngine.StackTraceUtility:ExtractStackTrace ()
UnityEngine.DebugLogHandler:Internal_Log (UnityEngine.LogType,UnityEngine.LogOption,string,UnityEngine.Object)
UnityEngine.DebugLogHandler:LogFormat (UnityEngine.LogType,UnityEngine.Object,string,object[])
UnityEngine.Logger:Log (UnityEngine.LogType,object)
UnityEngine.Debug:LogError (object)
UnityEditor.EditorAssemblies:ProcessInitializeOnLoadAttributes (System.Type[])

Mono: successfully reloaded assembly
- Finished resetting the current domain, in  3.472 seconds
Domain Reload Profiling: 5116ms
	BeginReloadAssembly (336ms)
		ExecutionOrderSort (0ms)
		DisableScriptedObjects (8ms)
		BackupInstance (0ms)
		ReleaseScriptingObjects (0ms)
		CreateAndSetChildDomain (77ms)
	RebuildCommonClasses (56ms)
	RebuildNativeTypeToScriptingClass (22ms)
	initialDomainReloadingComplete (59ms)
	LoadAllAssembliesAndSetupDomain (1171ms)
		LoadAssemblies (848ms)
		RebuildTransferFunctionScriptingTraits (0ms)
		AnalyzeDomain (490ms)
			TypeCache.Refresh (15ms)
				TypeCache.ScanAssembly (3ms)
			BuildScriptInfoCaches (458ms)
			ResolveRequiredComponents (12ms)
	FinalizeReload (3473ms)
		ReleaseScriptCaches (0ms)
		RebuildScriptCaches (0ms)
		SetupLoadedEditorAssemblies (2045ms)
			LogAssemblyErrors (0ms)
			InitializePlatformSupportModulesInManaged (7ms)
			SetLoadedEditorAssemblies (15ms)
			BeforeProcessingInitializeOnLoad (290ms)
			ProcessInitializeOnLoadAttributes (1660ms)
			ProcessInitializeOnLoadMethodAttributes (58ms)
			AfterProcessingInitializeOnLoad (15ms)
			EditorAssembliesLoaded (1ms)
		ExecutionOrderSort2 (0ms)
		AwakeInstancesAfterBackupRestoration (7ms)
Refreshing native plugins compatible for Editor in 20.67 ms, found 11 plugins.
Preloading 1 native plugins for Editor in 0.04 ms.
Unloading 33 Unused Serialized files (Serialized files now loaded: 0)
Unloading 6041 unused Assets / (5.4 MB). Loaded Objects now: 6577.
Memory consumption went from 176.9 MB to 171.6 MB.
Total: 27.715000 ms (FindLiveObjects: 0.989800 ms CreateObjectMapping: 0.613800 ms MarkObjects: 22.617800 ms  DeleteObjects: 3.492100 ms)

Prepare: number of updated asset objects reloaded= 0
========================================================================
Received Prepare
Refreshing native plugins compatible for Editor in 23.81 ms, found 11 plugins.
Preloading 1 native plugins for Editor in 0.05 ms.
Unloading 33 Unused Serialized files (Serialized files now loaded: 0)
Unloading 5934 unused Assets / (5.2 MB). Loaded Objects now: 6577.
Memory consumption went from 176.3 MB to 171.1 MB.
Total: 32.115700 ms (FindLiveObjects: 0.916900 ms CreateObjectMapping: 0.869200 ms MarkObjects: 26.472900 ms  DeleteObjects: 3.854400 ms)

Prepare: number of updated asset objects reloaded= 0
========================================================================
Received Import Request.
  Time since last request: 203.531183 seconds.
  path: Assets/Scripts/PlayerMovement/Scripts/Q3PlayerController.cs
  artifactKey: Guid(689c7b4cc1dbae54cbfa41c0c84fb174) Importer(815301076,1909f56bfc062723c751e8b465ee728b)
Start importing Assets/Scripts/PlayerMovement/Scripts/Q3PlayerController.cs using Guid(689c7b4cc1dbae54cbfa41c0c84fb174) Importer(815301076,1909f56bfc062723c751e8b465ee728b) (PreviewImporter) -> (artifact id: 'b03a26487f503534edc8f72e7dc9efe5') in 0.1082406 seconds
Number of updated asset objects reloaded before import = 0Number of asset objects unloaded after import = 0

========================================================================
Received Prepare
Refreshing native plugins compatible for Editor in 24.79 ms, found 11 plugins.
Preloading 1 native plugins for Editor in 0.05 ms.
Unloading 33 Unused Serialized files (Serialized files now loaded: 0)
Unloading 5934 unused Assets / (5.4 MB). Loaded Objects now: 6577.
Memory consumption went from 176.3 MB to 170.9 MB.
Total: 32.930200 ms (FindLiveObjects: 1.053600 ms CreateObjectMapping: 1.404200 ms MarkObjects: 25.658400 ms  DeleteObjects: 4.811800 ms)

Prepare: number of updated asset objects reloaded= 0
========================================================================
Received Import Request.
  Time since last request: 16.361141 seconds.
  path: Assets/Scripts/PlayerMovement/Scripts/Q3PlayerController.cs
  artifactKey: Guid(689c7b4cc1dbae54cbfa41c0c84fb174) Importer(815301076,1909f56bfc062723c751e8b465ee728b)
Start importing Assets/Scripts/PlayerMovement/Scripts/Q3PlayerController.cs using Guid(689c7b4cc1dbae54cbfa41c0c84fb174) Importer(815301076,1909f56bfc062723c751e8b465ee728b) (PreviewImporter) -> (artifact id: 'e8f651d986ce4742b165cf7a6bb78d57') in 0.0130087 seconds
Number of updated asset objects reloaded before import = 0Number of asset objects unloaded after import = 0

========================================================================
Received Prepare
Refreshing native plugins compatible for Editor in 25.03 ms, found 11 plugins.
Preloading 1 native plugins for Editor in 0.04 ms.
Unloading 33 Unused Serialized files (Serialized files now loaded: 0)
Unloading 5934 unused Assets / (5.5 MB). Loaded Objects now: 6577.
Memory consumption went from 176.3 MB to 170.8 MB.
Total: 34.313900 ms (FindLiveObjects: 0.990800 ms CreateObjectMapping: 1.066900 ms MarkObjects: 26.751900 ms  DeleteObjects: 5.501800 ms)

Prepare: number of updated asset objects reloaded= 0
========================================================================
Received Prepare
Refreshing native plugins compatible for Editor in 25.97 ms, found 11 plugins.
Preloading 1 native plugins for Editor in 0.05 ms.
Unloading 33 Unused Serialized files (Serialized files now loaded: 0)
Unloading 5934 unused Assets / (5.3 MB). Loaded Objects now: 6577.
Memory consumption went from 176.3 MB to 171.0 MB.
Total: 31.850500 ms (FindLiveObjects: 0.933300 ms CreateObjectMapping: 0.881700 ms MarkObjects: 25.747600 ms  DeleteObjects: 4.286300 ms)

Prepare: number of updated asset objects reloaded= 0
========================================================================
Received Prepare
Begin MonoManager ReloadAssembly
C:\build\output\Unity-Technologies\mono\mono\metadata\icall.c:1842:
C:\build\output\Unity-Technologies\mono\mono\metadata\icall.c:1842:
C:\build\output\Unity-Technologies\mono\mono\metadata\icall.c:1842:
C:\build\output\Unity-Technologies\mono\mono\metadata\icall.c:1842:
C:\build\output\Unity-Technologies\mono\mono\metadata\icall.c:1842:
C:\build\output\Unity-Technologies\mono\mono\metadata\icall.c:1842:
C:\build\output\Unity-Technologies\mono\mono\metadata\icall.c:1842:
C:\build\output\Unity-Technologies\mono\mono\metadata\icall.c:1842:
C:\build\output\Unity-Technologies\mono\mono\metadata\icall.c:1842:
C:\build\output\Unity-Technologies\mono\mono\metadata\icall.c:1842:
C:\build\output\Unity-Technologies\mono\mono\metadata\icall.c:1842:
C:\build\output\Unity-Technologies\mono\mono\metadata\icall.c:1842:
Symbol file LoadedFromMemory doesn't match image D:\Tiedostot\UnityProjects\UusiYokyopleiRepo\yokyopeli_unity\Library\PackageCache\com.unity.visualscripting@1.8.0\Editor\VisualScripting.Core\Dependencies\YamlDotNet\Unity.VisualScripting.YamlDotNet.dll
Symbol file LoadedFromMemory doesn't match image D:\Tiedostot\UnityProjects\UusiYokyopleiRepo\yokyopeli_unity\Library\PackageCache\com.unity.visualscripting@1.8.0\Editor\VisualScripting.Core\Dependencies\DotNetZip\Unity.VisualScripting.IonicZip.dll
- Loaded All Assemblies, in  1.560 seconds
Refreshing native plugins compatible for Editor in 23.22 ms, found 11 plugins.
Native extension for WindowsStandalone target not found
Native extension for WebGL target not found
System.Exception: Error! Visual Scripting: couldn't find visual scripting package
  at Unity.VisualScripting.PackageVersionUtility.get_version () [0x00025] in .\Library\PackageCache\com.unity.visualscripting@1.8.0\Editor\VisualScripting.Core\Utilities\PackageVersionUtility.cs:22 
  at Unity.VisualScripting.BoltCoreManifest.get_version () [0x00000] in .\Library\PackageCache\com.unity.visualscripting@1.8.0\Editor\VisualScripting.Core\Plugin\BoltCoreManifest.cs:11 
  at Unity.VisualScripting.PluginManifest.get_currentVersion () [0x00000] in .\Library\PackageCache\com.unity.visualscripting@1.8.0\Editor\VisualScripting.Core\Plugins\PluginManifest.cs:33 
  at Unity.VisualScripting.PluginManifest.get_versionMismatch () [0x00000] in .\Library\PackageCache\com.unity.visualscripting@1.8.0\Editor\VisualScripting.Core\Plugins\PluginManifest.cs:48 
  at Unity.VisualScripting.PluginContainer.Initialize () [0x0057d] in .\Library\PackageCache\com.unity.visualscripting@1.8.0\Editor\VisualScripting.Core\Plugins\PluginContainer.cs:208 
  at Unity.VisualScripting.PluginContainer.InitializeOnLoad () [0x00012] in .\Library\PackageCache\com.unity.visualscripting@1.8.0\Editor\VisualScripting.Core\Plugins\PluginContainer.cs:32 
  at Unity.VisualScripting.VSUsageUtility.DoInitializeOnLoadCalls () [0x00044] in .\Library\PackageCache\com.unity.visualscripting@1.8.0\Editor\VisualScripting.Core\Utilities\VSUsageUtility.cs:76 
  at Unity.VisualScripting.VSUsageUtility.set_isVisualScriptingUsed (System.Boolean value) [0x00037] in .\Library\PackageCache\com.unity.visualscripting@1.8.0\Editor\VisualScripting.Core\Utilities\VSUsageUtility.cs:114 
  at Unity.VisualScripting.VSUsageUtility.CheckAndSetIsVisualScriptingUsed () [0x00013] in .\Library\PackageCache\com.unity.visualscripting@1.8.0\Editor\VisualScripting.Core\Utilities\VSUsageUtility.cs:33 
  at Unity.VisualScripting.VSUsageUtility..cctor () [0x0000d] in .\Library\PackageCache\com.unity.visualscripting@1.8.0\Editor\VisualScripting.Core\Utilities\VSUsageUtility.cs:22 
UnityEngine.Debug:ExtractStackTraceNoAlloc (byte*,int,string)
UnityEngine.StackTraceUtility:ExtractStackTrace ()
UnityEngine.DebugLogHandler:Internal_Log (UnityEngine.LogType,UnityEngine.LogOption,string,UnityEngine.Object)
UnityEngine.DebugLogHandler:LogFormat (UnityEngine.LogType,UnityEngine.Object,string,object[])
UnityEngine.Logger:Log (UnityEngine.LogType,object)
UnityEngine.Debug:LogError (object)
UnityEditor.EditorAssemblies:ProcessInitializeOnLoadAttributes (System.Type[])

Mono: successfully reloaded assembly
- Finished resetting the current domain, in  2.592 seconds
Domain Reload Profiling: 4149ms
	BeginReloadAssembly (340ms)
		ExecutionOrderSort (0ms)
		DisableScriptedObjects (8ms)
		BackupInstance (0ms)
		ReleaseScriptingObjects (0ms)
		CreateAndSetChildDomain (83ms)
	RebuildCommonClasses (54ms)
	RebuildNativeTypeToScriptingClass (20ms)
	initialDomainReloadingComplete (52ms)
	LoadAllAssembliesAndSetupDomain (1090ms)
		LoadAssemblies (804ms)
		RebuildTransferFunctionScriptingTraits (0ms)
		AnalyzeDomain (448ms)
			TypeCache.Refresh (16ms)
				TypeCache.ScanAssembly (3ms)
			BuildScriptInfoCaches (414ms)
			ResolveRequiredComponents (13ms)
	FinalizeReload (2593ms)
		ReleaseScriptCaches (0ms)
		RebuildScriptCaches (0ms)
		SetupLoadedEditorAssemblies (1518ms)
			LogAssemblyErrors (0ms)
			InitializePlatformSupportModulesInManaged (5ms)
			SetLoadedEditorAssemblies (11ms)
			BeforeProcessingInitializeOnLoad (263ms)
			ProcessInitializeOnLoadAttributes (1175ms)
			ProcessInitializeOnLoadMethodAttributes (50ms)
			AfterProcessingInitializeOnLoad (13ms)
			EditorAssembliesLoaded (0ms)
		ExecutionOrderSort2 (0ms)
		AwakeInstancesAfterBackupRestoration (6ms)
Refreshing native plugins compatible for Editor in 20.70 ms, found 11 plugins.
Preloading 1 native plugins for Editor in 0.05 ms.
Unloading 33 Unused Serialized files (Serialized files now loaded: 0)
Unloading 6041 unused Assets / (5.6 MB). Loaded Objects now: 6578.
Memory consumption went from 178.9 MB to 173.3 MB.
Total: 28.724300 ms (FindLiveObjects: 0.892600 ms CreateObjectMapping: 0.943300 ms MarkObjects: 23.305900 ms  DeleteObjects: 3.580600 ms)

Prepare: number of updated asset objects reloaded= 0
========================================================================
Received Prepare
Begin MonoManager ReloadAssembly
C:\build\output\Unity-Technologies\mono\mono\metadata\icall.c:1842:
C:\build\output\Unity-Technologies\mono\mono\metadata\icall.c:1842:
C:\build\output\Unity-Technologies\mono\mono\metadata\icall.c:1842:
C:\build\output\Unity-Technologies\mono\mono\metadata\icall.c:1842:
C:\build\output\Unity-Technologies\mono\mono\metadata\icall.c:1842:
C:\build\output\Unity-Technologies\mono\mono\metadata\icall.c:1842:
C:\build\output\Unity-Technologies\mono\mono\metadata\icall.c:1842:
C:\build\output\Unity-Technologies\mono\mono\metadata\icall.c:1842:
C:\build\output\Unity-Technologies\mono\mono\metadata\icall.c:1842:
C:\build\output\Unity-Technologies\mono\mono\metadata\icall.c:1842:
C:\build\output\Unity-Technologies\mono\mono\metadata\icall.c:1842:
C:\build\output\Unity-Technologies\mono\mono\metadata\icall.c:1842:
Symbol file LoadedFromMemory doesn't match image D:\Tiedostot\UnityProjects\UusiYokyopleiRepo\yokyopeli_unity\Library\PackageCache\com.unity.visualscripting@1.8.0\Editor\VisualScripting.Core\Dependencies\YamlDotNet\Unity.VisualScripting.YamlDotNet.dll
Symbol file LoadedFromMemory doesn't match image D:\Tiedostot\UnityProjects\UusiYokyopleiRepo\yokyopeli_unity\Library\PackageCache\com.unity.visualscripting@1.8.0\Editor\VisualScripting.Core\Dependencies\DotNetZip\Unity.VisualScripting.IonicZip.dll
- Loaded All Assemblies, in  1.570 seconds
Refreshing native plugins compatible for Editor in 23.20 ms, found 11 plugins.
Native extension for WindowsStandalone target not found
Native extension for WebGL target not found
System.Exception: Error! Visual Scripting: couldn't find visual scripting package
  at Unity.VisualScripting.PackageVersionUtility.get_version () [0x00025] in .\Library\PackageCache\com.unity.visualscripting@1.8.0\Editor\VisualScripting.Core\Utilities\PackageVersionUtility.cs:22 
  at Unity.VisualScripting.BoltCoreManifest.get_version () [0x00000] in .\Library\PackageCache\com.unity.visualscripting@1.8.0\Editor\VisualScripting.Core\Plugin\BoltCoreManifest.cs:11 
  at Unity.VisualScripting.PluginManifest.get_currentVersion () [0x00000] in .\Library\PackageCache\com.unity.visualscripting@1.8.0\Editor\VisualScripting.Core\Plugins\PluginManifest.cs:33 
  at Unity.VisualScripting.PluginManifest.get_versionMismatch () [0x00000] in .\Library\PackageCache\com.unity.visualscripting@1.8.0\Editor\VisualScripting.Core\Plugins\PluginManifest.cs:48 
  at Unity.VisualScripting.PluginContainer.Initialize () [0x0057d] in .\Library\PackageCache\com.unity.visualscripting@1.8.0\Editor\VisualScripting.Core\Plugins\PluginContainer.cs:208 
  at Unity.VisualScripting.PluginContainer.InitializeOnLoad () [0x00012] in .\Library\PackageCache\com.unity.visualscripting@1.8.0\Editor\VisualScripting.Core\Plugins\PluginContainer.cs:32 
  at Unity.VisualScripting.VSUsageUtility.DoInitializeOnLoadCalls () [0x00044] in .\Library\PackageCache\com.unity.visualscripting@1.8.0\Editor\VisualScripting.Core\Utilities\VSUsageUtility.cs:76 
  at Unity.VisualScripting.VSUsageUtility.set_isVisualScriptingUsed (System.Boolean value) [0x00037] in .\Library\PackageCache\com.unity.visualscripting@1.8.0\Editor\VisualScripting.Core\Utilities\VSUsageUtility.cs:114 
  at Unity.VisualScripting.VSUsageUtility.CheckAndSetIsVisualScriptingUsed () [0x00013] in .\Library\PackageCache\com.unity.visualscripting@1.8.0\Editor\VisualScripting.Core\Utilities\VSUsageUtility.cs:33 
  at Unity.VisualScripting.VSUsageUtility..cctor () [0x0000d] in .\Library\PackageCache\com.unity.visualscripting@1.8.0\Editor\VisualScripting.Core\Utilities\VSUsageUtility.cs:22 
UnityEngine.Debug:ExtractStackTraceNoAlloc (byte*,int,string)
UnityEngine.StackTraceUtility:ExtractStackTrace ()
UnityEngine.DebugLogHandler:Internal_Log (UnityEngine.LogType,UnityEngine.LogOption,string,UnityEngine.Object)
UnityEngine.DebugLogHandler:LogFormat (UnityEngine.LogType,UnityEngine.Object,string,object[])
UnityEngine.Logger:Log (UnityEngine.LogType,object)
UnityEngine.Debug:LogError (object)
UnityEditor.EditorAssemblies:ProcessInitializeOnLoadAttributes (System.Type[])

Mono: successfully reloaded assembly
- Finished resetting the current domain, in  2.740 seconds
Domain Reload Profiling: 4306ms
	BeginReloadAssembly (323ms)
		ExecutionOrderSort (0ms)
		DisableScriptedObjects (7ms)
		BackupInstance (0ms)
		ReleaseScriptingObjects (0ms)
		CreateAndSetChildDomain (80ms)
	RebuildCommonClasses (54ms)
	RebuildNativeTypeToScriptingClass (21ms)
	initialDomainReloadingComplete (52ms)
	LoadAllAssembliesAndSetupDomain (1114ms)
		LoadAssemblies (809ms)
		RebuildTransferFunctionScriptingTraits (0ms)
		AnalyzeDomain (464ms)
			TypeCache.Refresh (13ms)
				TypeCache.ScanAssembly (0ms)
			BuildScriptInfoCaches (434ms)
			ResolveRequiredComponents (12ms)
	FinalizeReload (2740ms)
		ReleaseScriptCaches (0ms)
		RebuildScriptCaches (0ms)
		SetupLoadedEditorAssemblies (1696ms)
			LogAssemblyErrors (0ms)
			InitializePlatformSupportModulesInManaged (4ms)
			SetLoadedEditorAssemblies (12ms)
			BeforeProcessingInitializeOnLoad (251ms)
			ProcessInitializeOnLoadAttributes (1354ms)
			ProcessInitializeOnLoadMethodAttributes (58ms)
			AfterProcessingInitializeOnLoad (16ms)
			EditorAssembliesLoaded (1ms)
		ExecutionOrderSort2 (0ms)
		AwakeInstancesAfterBackupRestoration (7ms)
Refreshing native plugins compatible for Editor in 20.45 ms, found 11 plugins.
Preloading 1 native plugins for Editor in 0.04 ms.
Unloading 33 Unused Serialized files (Serialized files now loaded: 0)
Unloading 6041 unused Assets / (6.0 MB). Loaded Objects now: 6579.
Memory consumption went from 180.9 MB to 174.9 MB.
Total: 29.349600 ms (FindLiveObjects: 0.847900 ms CreateObjectMapping: 0.831300 ms MarkObjects: 22.798000 ms  DeleteObjects: 4.870500 ms)

Prepare: number of updated asset objects reloaded= 0
========================================================================
Received Prepare
Refreshing native plugins compatible for Editor in 23.43 ms, found 11 plugins.
Preloading 1 native plugins for Editor in 0.05 ms.
Unloading 33 Unused Serialized files (Serialized files now loaded: 0)
Unloading 5934 unused Assets / (5.9 MB). Loaded Objects now: 6579.
Memory consumption went from 180.2 MB to 174.3 MB.
Total: 29.483600 ms (FindLiveObjects: 0.837400 ms CreateObjectMapping: 0.575800 ms MarkObjects: 23.196300 ms  DeleteObjects: 4.872200 ms)

Prepare: number of updated asset objects reloaded= 0
========================================================================
Received Prepare
Crash!!!
  ERROR: SymInitialize, GetLastError: 'Ei riittvsti muistiresursseja komennon ksittely varten.' (Address: 0000000000000000)
  ERROR: SymGetSearchPath, GetLastError: 'Kahva ei kelpaa.' (Address: 0000000000000000)
SymInit: Symbol-SearchPath: '', symOptions: 534, UserName: 'Gamer'
OS-Version: 10.0.0
C:\Program Files\Unity\Hub\Editor\2023.2.2f1\Editor\Unity.exe:Unity.exe (00007FF658930000), size: 184320 (result: 6), SymType: '-unknown-', PDB: '', fileVersion: 2023.2.2.59883
C:\WINDOWS\SYSTEM32\ntdll.dll:ntdll.dll (00007FFDCF210000), size: 2064384 (result: 6), SymType: '-unknown-', PDB: '', fileVersion: 10.0.19041.4239
C:\WINDOWS\System32\KERNEL32.DLL:KERNEL32.DLL (00007FFDCD620000), size: 774144 (result: 6), SymType: '-unknown-', PDB: '', fileVersion: 10.0.19041.3636
C:\WINDOWS\System32\KERNELBASE.dll:KERNELBASE.dll (00007FFDCCD70000), size: 3104768 (result: 6), SymType: '-unknown-', PDB: '', fileVersion: 10.0.19041.4291
C:\WINDOWS\System32\USER32.dll:USER32.dll (00007FFDCE1D0000), size: 1699840 (result: 6), SymType: '-unknown-', PDB: '', fileVersion: 10.0.19041.4239
C:\WINDOWS\System32\win32u.dll:win32u.dll (00007FFDCD210000), size: 139264 (result: 6), SymType: '-unknown-', PDB: '', fileVersion: 10.0.19041.4291
C:\WINDOWS\System32\GDI32.dll:GDI32.dll (00007FFDCDD20000), size: 176128 (result: 6), SymType: '-unknown-', PDB: '', fileVersion: 10.0.19041.3996
C:\WINDOWS\System32\gdi32full.dll:gdi32full.dll (00007FFDCD0F0000), size: 1142784 (result: 6), SymType: '-unknown-', PDB: '', fileVersion: 10.0.19041.4239
C:\WINDOWS\System32\msvcp_win.dll:msvcp_win.dll (00007FFDCC8C0000), size: 643072 (result: 6), SymType: '-unknown-', PDB: '', fileVersion: 10.0.19041.3636
C:\WINDOWS\System32\ucrtbase.dll:ucrtbase.dll (00007FFDCCC70000), size: 1048576 (result: 6), SymType: '-unknown-', PDB: '', fileVersion: 10.0.19041.3636
C:\WINDOWS\System32\IMM32.DLL:IMM32.DLL (00007FFDCD6E0000), size: 204800 (result: 6), SymType: '-unknown-', PDB: '', fileVersion: 10.0.19041.3996
C:\Program Files\Unity\Hub\Editor\2023.2.2f1\Editor\Unity.dll:Unity.dll (00007FFD358E0000), size: 80138240 (result: 6), SymType: '-unknown-', PDB: '', fileVersion: 2023.2.2.59883
C:\WINDOWS\System32\CRYPT32.dll:CRYPT32.dll (00007FFDCCA10000), size: 1433600 (result: 6), SymType: '-unknown-', PDB: '', fileVersion: 10.0.19041.4291
C:\WINDOWS\System32\ADVAPI32.dll:ADVAPI32.dll (00007FFDCDB90000), size: 720896 (result: 6), SymType: '-unknown-', PDB: '', fileVersion: 10.0.19041.4170
C:\WINDOWS\System32\msvcrt.dll:msvcrt.dll (00007FFDCDEE0000), size: 647168 (result: 6), SymType: '-unknown-', PDB: '', fileVersion: 7.0.19041.3636
C:\Program Files\Unity\Hub\Editor\2023.2.2f1\Editor\libfbxsdk.dll:libfbxsdk.dll (00007FFD3D570000), size: 10067968 (result: 6), SymType: '-unknown-', PDB: '', fileVersion: 2020.3.3.0
C:\WINDOWS\System32\sechost.dll:sechost.dll (00007FFDCD460000), size: 655360 (result: 6), SymType: '-unknown-', PDB: '', fileVersion: 10.0.19041.4170
C:\Program Files\Unity\Hub\Editor\2023.2.2f1\Editor\etccompress.dll:etccompress.dll (00007FFD3DF10000), size: 5070848 (result: 6), SymType: '-unknown-', PDB: ''
C:\Program Files\Unity\Hub\Editor\2023.2.2f1\Editor\s3tcompress.dll:s3tcompress.dll (00007FFDC0D40000), size: 180224 (result: 6), SymType: '-unknown-', PDB: ''
C:\WINDOWS\System32\RPCRT4.dll:RPCRT4.dll (00007FFDCE5D0000), size: 1191936 (result: 6), SymType: '-unknown-', PDB: '', fileVersion: 10.0.19041.4291
C:\Program Files\Unity\Hub\Editor\2023.2.2f1\Editor\ispc_texcomp.dll:ispc_texcomp.dll (00007FFD3D3B0000), size: 1826816 (result: 6), SymType: '-unknown-', PDB: ''
C:\WINDOWS\System32\bcrypt.dll:bcrypt.dll (00007FFDCD0C0000), size: 159744 (result: 6), SymType: '-unknown-', PDB: '', fileVersion: 10.0.19041.3636
C:\Program Files\Unity\Hub\Editor\2023.2.2f1\Editor\compress_bc7e.dll:compress_bc7e.dll (00007FFD3C9B0000), size: 1433600 (result: 6), SymType: '-unknown-', PDB: ''
C:\Program Files\Unity\Hub\Editor\2023.2.2f1\Editor\FreeImage.dll:FreeImage.dll (0000000180000000), size: 5783552 (result: 6), SymType: '-unknown-', PDB: '', fileVersion: 3.18.0.0
A crash has been intercepted by the crash handler. For call stack and other details, see the latest crash report generated in:
 * C:/Users/Gamer/AppData/Local/Temp/Unity/Editor/Crashes
C:\WINDOWS\System32\ole32.dll:ole32.dll (00007FFDCD240000), size: 1224704 (result: 6), SymType: '-unknown-', PDB: '', fileVersion: 10.0.19041.3636
C:\WINDOWS\System32\WS2_32.dll:WS2_32.dll (00007FFDCD5B0000), size: 438272 (result: 6), SymType: '-unknown-', PDB: '', fileVersion: 10.0.19041.3636
C:\Program Files\Unity\Hub\Editor\2023.2.2f1\Editor\WinPixEventRuntime.dll:WinPixEventRuntime.dll (00007FFDC80F0000), size: 53248 (result: 6), SymType: '-unknown-', PDB: '', fileVersion: 1.0.2201.24001
C:\WINDOWS\System32\combase.dll:combase.dll (00007FFDCE700000), size: 3485696 (result: 6), SymType: '-unknown-', PDB: '', fileVersion: 10.0.19041.4239
D3D shader create error for pixel shader [0x8007000e]
C:\Program Files\Unity\Hub\Editor\2023.2.2f1\Editor\umbraoptimizer64.dll:umbraoptimizer64.dll (00007FFD3C880000), size: 1187840 (result: 6), SymType: '-unknown-', PDB: ''
D3D shader create error for vertex shader [0x8007000e]
C:\WINDOWS\System32\SETUPAPI.dll:SETUPAPI.dll (00007FFDCD720000), size: 4644864 (result: 6), SymType: '-unknown-', PDB: '', fileVersion: 10.0.19041.3996
C:\WINDOWS\System32\cfgmgr32.dll:cfgmgr32.dll (00007FFDCD070000), size: 319488 (result: 6), SymType: '-unknown-', PDB: '', fileVersion: 10.0.19041.3996
C:\WINDOWS\System32\SHELL32.dll:SHELL32.dll (00007FFDCEA60000), size: 7778304 (result: 6), SymType: '-unknown-', PDB: '', fileVersion: 10.0.19041.4239
C:\WINDOWS\SYSTEM32\d3d11.dll:d3d11.dll (00007FFDC8830000), size: 2502656 (result: 6), SymType: '-unknown-', PDB: '', fileVersion: 10.0.19041.3636
A crash has been intercepted by the crash handler. For call stack and other details, see the latest crash report generated in:
 * C:/Users/Gamer/AppData/Local/Temp/Unity/Editor/Crashes
C:\WINDOWS\SYSTEM32\d3d12.dll:d3d12.dll (00007FFDAA3E0000), size: 151552 (result: 6), SymType: '-unknown-', PDB: '', fileVersion: 10.0.19041.3996
C:\WINDOWS\System32\SHLWAPI.dll:SHLWAPI.dll (00007FFDCE490000), size: 348160 (result: 6), SymType: '-unknown-', PDB: '', fileVersion: 10.0.19041.3636
D3D shader create error for pixel shader [0x8007000e]
C:\WINDOWS\System32\OLEAUT32.dll:OLEAUT32.dll (00007FFDCDE00000), size: 839680 (result: 6), SymType: '-unknown-', PDB: '', fileVersion: 10.0.19041.3636
D3D shader create error for pixel shader [0x8007000e]
C:\WINDOWS\SYSTEM32\dwmapi.dll:dwmapi.dll (00007FFDCA000000), size: 192512 (result: 6), SymType: '-unknown-', PDB: '', fileVersion: 10.0.19041.3636
D3D shader create error for vertex shader [0x8007000e]
C:\WINDOWS\SYSTEM32\HID.DLL:HID.DLL (00007FFDCB0B0000), size: 53248 (result: 6), SymType: '-unknown-', PDB: '', fileVersion: 10.0.19041.3636
D3D shader create error for pixel shader [0x8007000e]
C:\WINDOWS\SYSTEM32\dxgi.dll:dxgi.dll (00007FFDCB110000), size: 995328 (result: 6), SymType: '-unknown-', PDB: '', fileVersion: 10.0.19041.3636
C:\WINDOWS\System32\WINTRUST.dll:WINTRUST.dll (00007FFDCCC00000), size: 421888 (result: 6), SymType: '-unknown-', PDB: '', fileVersion: 10.0.19041.4291
D3D shader create error for vertex shader [0x8007000e]
C:\WINDOWS\SYSTEM32\IPHLPAPI.DLL:IPHLPAPI.DLL (00007FFDCBCC0000), size: 241664 (result: 6), SymType: '-unknown-', PDB: '', fileVersion: 10.0.19041.3636
C:\WINDOWS\SYSTEM32\OPENGL32.dll:OPENGL32.dll (00007FFD3E990000), size: 1200128 (result: 6), SymType: '-unknown-', PDB: '', fileVersion: 10.0.19041.3636
D3D shader create error for pixel shader [0x8007000e]
C:\WINDOWS\SYSTEM32\MSVCP140.dll:MSVCP140.dll (00007FFDAEAE0000), size: 581632 (result: 6), SymType: '-unknown-', PDB: '', fileVersion: 14.34.31931.0
C:\WINDOWS\SYSTEM32\VCRUNTIME140_1.dll:VCRUNTIME140_1.dll (00007FFDAEAB0000), size: 49152 (result: 6), SymType: '-unknown-', PDB: '', fileVersion: 14.34.31931.0
D3D shader create error for vertex shader [0x8007000e]
C:\WINDOWS\SYSTEM32\VCRUNTIME140.dll:VCRUNTIME140.dll (00007FFDAEAC0000), size: 110592 (result: 6), SymType: '-unknown-', PDB: '', fileVersion: 14.34.31931.0
C:\WINDOWS\SYSTEM32\kernel.appcore.dll:kernel.appcore.dll (00007FFDCB0C0000), size: 73728 (result: 6), SymType: '-unknown-', PDB: '', fileVersion: 10.0.19041.3758
D3D shader create error for pixel shader [0x8007000e]
C:\WINDOWS\SYSTEM32\WINHTTP.dll:WINHTTP.dll (00007FFDC5350000), size: 1089536 (result: 6), SymType: '-unknown-', PDB: '', fileVersion: 10.0.19041.3636
D3D shader create error for vertex shader [0x8007000e]
State comes from an incompatible keyword space
C:\WINDOWS\SYSTEM32\WINMM.dll:WINMM.dll (00007FFDC1EC0000), size: 159744 (result: 6), SymType: '-unknown-', PDB: '', fileVersion: 10.0.19041.3636
State comes from an incompatible keyword space
State comes from an incompatible keyword space
State comes from an incompatible keyword space
State comes from an incompatible keyword space
State comes from an incompatible keyword space
State comes from an incompatible keyword space
State comes from an incompatible keyword space
State comes from an incompatible keyword space
State comes from an incompatible keyword space
State comes from an incompatible keyword space
State comes from an incompatible keyword space
State comes from an incompatible keyword space
State comes from an incompatible keyword space
State comes from an incompatible keyword space
State comes from an incompatible keyword space
State comes from an incompatible keyword space
State comes from an incompatible keyword space
State comes from an incompatible keyword space
State comes from an incompatible keyword space
State comes from an incompatible keyword space
State comes from an incompatible keyword space
State comes from an incompatible keyword space
State comes from an incompatible keyword space
State comes from an incompatible keyword space
C:\WINDOWS\SYSTEM32\GLU32.dll:GLU32.dll (00007FFDB3820000), size: 180224 (result: 6), SymType: '-unknown-', PDB: '', fileVersion: 10.0.19041.3636
State comes from an incompatible keyword space
State comes from an incompatible keyword space
State comes from an incompatible keyword space
State comes from an incompatible keyword space
State comes from an incompatible keyword space
State comes from an incompatible keyword space
State comes from an incompatible keyword space
State comes from an incompatible keyword space
